<?xml version="1.0" encoding="UTF-8"?>
<!-- Generated by org.testng.reporters.JUnitXMLReporter -->
<testsuite ignored="0" hostname="Abhijit" failures="0" tests="6" name="Surefire test" time="1.557" errors="0" timestamp="2023-09-05T23:37:12 BST">
  <testcase classname="testBase.BaseClass" name="@BeforeClass SetUp" time="-1.693953430464E9">
    <failure type="org.testng.TestNGException" message="
Parameter &amp;apos;browser&amp;apos; is required by BeforeClass on method SetUp but has not been marked @Optional or defined
">
      <![CDATA[org.testng.TestNGException: 
Parameter 'browser' is required by BeforeClass on method SetUp but has not been marked @Optional or defined

at java.base/java.util.ArrayList.forEach(ArrayList.java:1511)
... Removed 27 stack frames]]>
    </failure>
  </testcase> <!-- @BeforeClass SetUp -->
  <testcase classname="testBase.BaseClass" name="@AfterClass TearDown" time="0.0">
    <skipped/>
  </testcase> <!-- @AfterClass TearDown -->
  <testcase classname="testBase.BaseClass" name="@BeforeClass SetUp" time="-1.693953430494E9">
    <failure type="org.testng.TestNGException" message="
Parameter &amp;apos;browser&amp;apos; is required by BeforeClass on method SetUp but has not been marked @Optional or defined
">
      <![CDATA[org.testng.TestNGException: 
Parameter 'browser' is required by BeforeClass on method SetUp but has not been marked @Optional or defined

at java.base/java.util.ArrayList.forEach(ArrayList.java:1511)
... Removed 27 stack frames]]>
    </failure>
  </testcase> <!-- @BeforeClass SetUp -->
  <testcase classname="testBase.BaseClass" name="@AfterClass TearDown" time="0.0">
    <skipped/>
  </testcase> <!-- @AfterClass TearDown -->
  <testcase classname="testCase.Tc_002_LoginTest" name="TestLoginAcc" time="0.0">
    <skipped/>
  </testcase> <!-- TestLoginAcc -->
  <testcase classname="testCase.Tc_003_LoginDataDrivenTest" name="TestLoginDDT" time="0.001">
    <skipped/>
  </testcase> <!-- TestLoginDDT -->
  <testcase classname="testCase.Tc_003_LoginDataDrivenTest" name="TestLoginDDT" time="0.0">
    <skipped/>
  </testcase> <!-- TestLoginDDT -->
  <testcase classname="testCase.Tc_003_LoginDataDrivenTest" name="TestLoginDDT" time="0.0">
    <skipped/>
  </testcase> <!-- TestLoginDDT -->
  <testcase classname="testCase.Tc_003_LoginDataDrivenTest" name="TestLoginDDT" time="0.0">
    <skipped/>
  </testcase> <!-- TestLoginDDT -->
  <testcase classname="testCase.Tc_003_LoginDataDrivenTest" name="TestLoginDDT" time="0.0">
    <skipped/>
  </testcase> <!-- TestLoginDDT -->
</testsuite> <!-- Surefire test -->
